<?xml version="1.0" encoding="UTF-8"?>
<!-- Generated by org.testng.reporters.JUnitReportReporter -->
<testsuite skipped="0" hostname="DESKTOP-CBTHPKT" name="testScript.Test1" tests="1" failures="0" timestamp="19 Aug 2018 13:13:30 GMT" time="14.443" errors="0">
  <testcase name="facebookTest" time="14.443" classname="testScript.Test1"/>
</testsuite> <!-- testScript.Test1 -->
